[debug] [2023-08-10T07:19:50.932Z] ----------------------------------------------------------------------
[debug] [2023-08-10T07:19:50.939Z] Command:       C:\Program Files\nodejs\node.exe C:\Users\Asus\AppData\Roaming\npm\node_modules\firebase-tools\lib\bin\firebase.js init
[debug] [2023-08-10T07:19:50.940Z] CLI Version:   12.4.6
[debug] [2023-08-10T07:19:50.940Z] Platform:      win32
[debug] [2023-08-10T07:19:50.941Z] Node Version:  v20.2.0
[debug] [2023-08-10T07:19:50.941Z] Time:          Thu Aug 10 2023 10:19:50 GMT+0300 (Москва, стандартное время)
[debug] [2023-08-10T07:19:50.942Z] ----------------------------------------------------------------------
[debug] 
[debug] [2023-08-10T07:19:51.134Z] > command requires scopes: ["email","openid","https://www.googleapis.com/auth/cloudplatformprojects.readonly","https://www.googleapis.com/auth/firebase","https://www.googleapis.com/auth/cloud-platform"]
[debug] [2023-08-10T07:19:51.135Z] > authorizing via signed-in user (malyanova.marina.serg@gmail.com)
[info] 
     ######## #### ########  ######## ########     ###     ######  ########
     ##        ##  ##     ## ##       ##     ##  ##   ##  ##       ##
     ######    ##  ########  ######   ########  #########  ######  ######
     ##        ##  ##    ##  ##       ##     ## ##     ##       ## ##
     ##       #### ##     ## ######## ########  ##     ##  ######  ########

You're about to initialize a Firebase project in this directory:

  C:\Users\Asus\Desktop\Projects\Проекты\TODO list JSON server, firebase\my-app

Before we get started, keep in mind:

  * You are initializing within an existing Firebase project directory

[info] 
=== Project Setup
[info] 
[info] First, let's associate this project directory with a Firebase project.
[info] You can create multiple project aliases by running firebase use --add, 
[info] but for now we'll just set up a default project.
[info] 
[debug] [2023-08-10T07:19:58.726Z] Using project from CLI flag: todo-fe4b3
[debug] [2023-08-10T07:19:58.734Z] >>> [apiv2][query] GET https://firebase.googleapis.com/v1beta1/projects/todo-fe4b3 [none]
[debug] [2023-08-10T07:19:59.277Z] <<< [apiv2][status] GET https://firebase.googleapis.com/v1beta1/projects/todo-fe4b3 200
[debug] [2023-08-10T07:19:59.277Z] <<< [apiv2][body] GET https://firebase.googleapis.com/v1beta1/projects/todo-fe4b3 {"projectId":"todo-fe4b3","projectNumber":"420881264806","displayName":"TODO","name":"projects/todo-fe4b3","resources":{"hostingSite":"todo-fe4b3","realtimeDatabaseInstance":"todo-fe4b3-default-rtdb"},"state":"ACTIVE","etag":"1_f61b3af1-d453-4a0b-a54c-c19834d0ba98"}
[info] i  Using project todo-fe4b3 (TODO) 
[info] 
=== Hosting Setup
[info] 
[info] Your public directory is the folder (relative to your project directory) that
[info] will contain Hosting assets to be uploaded with firebase deploy. If you
[info] have a build process for your assets, use your build's output directory.
[info] 
[debug] [2023-08-10T07:22:45.323Z] ----------------------------------------------------------------------
[debug] [2023-08-10T07:22:45.333Z] Command:       C:\Program Files\nodejs\node.exe C:\Users\Asus\AppData\Roaming\npm\node_modules\firebase-tools\lib\bin\firebase.js init
[debug] [2023-08-10T07:22:45.334Z] CLI Version:   12.4.6
[debug] [2023-08-10T07:22:45.335Z] Platform:      win32
[debug] [2023-08-10T07:22:45.335Z] Node Version:  v20.2.0
[debug] [2023-08-10T07:22:45.336Z] Time:          Thu Aug 10 2023 10:22:45 GMT+0300 (Москва, стандартное время)
[debug] [2023-08-10T07:22:45.336Z] ----------------------------------------------------------------------
[debug] 
[debug] [2023-08-10T07:22:45.566Z] > command requires scopes: ["email","openid","https://www.googleapis.com/auth/cloudplatformprojects.readonly","https://www.googleapis.com/auth/firebase","https://www.googleapis.com/auth/cloud-platform"]
[debug] [2023-08-10T07:22:45.567Z] > authorizing via signed-in user (malyanova.marina.serg@gmail.com)
[info] 
     ######## #### ########  ######## ########     ###     ######  ########
     ##        ##  ##     ## ##       ##     ##  ##   ##  ##       ##
     ######    ##  ########  ######   ########  #########  ######  ######
     ##        ##  ##    ##  ##       ##     ## ##     ##       ## ##
     ##       #### ##     ## ######## ########  ##     ##  ######  ########

You're about to initialize a Firebase project in this directory:

  C:\Users\Asus\Desktop\Projects\Проекты\TODO list JSON server, firebase\my-app

Before we get started, keep in mind:

  * You are initializing within an existing Firebase project directory

[info] 
=== Project Setup
[info] 
[info] First, let's associate this project directory with a Firebase project.
[info] You can create multiple project aliases by running firebase use --add, 
[info] but for now we'll just set up a default project.
[info] 
[debug] [2023-08-10T07:22:52.965Z] Using project from CLI flag: todo-fe4b3
[debug] [2023-08-10T07:22:52.974Z] >>> [apiv2][query] GET https://firebase.googleapis.com/v1beta1/projects/todo-fe4b3 [none]
[debug] [2023-08-10T07:22:53.543Z] <<< [apiv2][status] GET https://firebase.googleapis.com/v1beta1/projects/todo-fe4b3 200
[debug] [2023-08-10T07:22:53.544Z] <<< [apiv2][body] GET https://firebase.googleapis.com/v1beta1/projects/todo-fe4b3 {"projectId":"todo-fe4b3","projectNumber":"420881264806","displayName":"TODO","name":"projects/todo-fe4b3","resources":{"hostingSite":"todo-fe4b3","realtimeDatabaseInstance":"todo-fe4b3-default-rtdb"},"state":"ACTIVE","etag":"1_fb442298-1cf7-435f-889b-2f03f74314fc"}
[info] i  Using project todo-fe4b3 (TODO) 
[info] 
=== Hosting Setup
[info] 
[info] Your public directory is the folder (relative to your project directory) that
[info] will contain Hosting assets to be uploaded with firebase deploy. If you
[info] have a build process for your assets, use your build's output directory.
[info] 
[debug] [2023-08-10T07:29:58.961Z] ----------------------------------------------------------------------
[debug] [2023-08-10T07:29:58.970Z] Command:       C:\Program Files\nodejs\node.exe C:\Users\Asus\AppData\Roaming\npm\node_modules\firebase-tools\lib\bin\firebase.js init
[debug] [2023-08-10T07:29:58.971Z] CLI Version:   12.4.6
[debug] [2023-08-10T07:29:58.971Z] Platform:      win32
[debug] [2023-08-10T07:29:58.973Z] Node Version:  v20.2.0
[debug] [2023-08-10T07:29:58.974Z] Time:          Thu Aug 10 2023 10:29:58 GMT+0300 (Москва, стандартное время)
[debug] [2023-08-10T07:29:58.974Z] ----------------------------------------------------------------------
[debug] 
[debug] [2023-08-10T07:29:59.199Z] > command requires scopes: ["email","openid","https://www.googleapis.com/auth/cloudplatformprojects.readonly","https://www.googleapis.com/auth/firebase","https://www.googleapis.com/auth/cloud-platform"]
[debug] [2023-08-10T07:29:59.202Z] > authorizing via signed-in user (malyanova.marina.serg@gmail.com)
[info] 
     ######## #### ########  ######## ########     ###     ######  ########
     ##        ##  ##     ## ##       ##     ##  ##   ##  ##       ##
     ######    ##  ########  ######   ########  #########  ######  ######
     ##        ##  ##    ##  ##       ##     ## ##     ##       ## ##
     ##       #### ##     ## ######## ########  ##     ##  ######  ########

You're about to initialize a Firebase project in this directory:

  C:\Users\Asus\Desktop\Projects\Проекты\TODO list JSON server, firebase\my-app

Before we get started, keep in mind:

  * You are initializing within an existing Firebase project directory

[info] 
=== Project Setup
[info] 
[info] First, let's associate this project directory with a Firebase project.
[info] You can create multiple project aliases by running firebase use --add, 
[info] but for now we'll just set up a default project.
[info] 
[debug] [2023-08-10T07:30:20.761Z] Using project from CLI flag: todo-fe4b3
[debug] [2023-08-10T07:30:20.769Z] >>> [apiv2][query] GET https://firebase.googleapis.com/v1beta1/projects/todo-fe4b3 [none]
[debug] [2023-08-10T07:30:21.391Z] <<< [apiv2][status] GET https://firebase.googleapis.com/v1beta1/projects/todo-fe4b3 200
[debug] [2023-08-10T07:30:21.391Z] <<< [apiv2][body] GET https://firebase.googleapis.com/v1beta1/projects/todo-fe4b3 {"projectId":"todo-fe4b3","projectNumber":"420881264806","displayName":"TODO","name":"projects/todo-fe4b3","resources":{"hostingSite":"todo-fe4b3","realtimeDatabaseInstance":"todo-fe4b3-default-rtdb"},"state":"ACTIVE","etag":"1_fb442298-1cf7-435f-889b-2f03f74314fc"}
[info] i  Using project todo-fe4b3 (TODO) 
[info] 
=== Hosting Setup
[info] 
[info] Your public directory is the folder (relative to your project directory) that
[info] will contain Hosting assets to be uploaded with firebase deploy. If you
[info] have a build process for your assets, use your build's output directory.
[info] 
[debug] [2023-08-10T07:37:01.423Z] ----------------------------------------------------------------------
[debug] [2023-08-10T07:37:01.440Z] Command:       C:\Program Files\nodejs\node.exe C:\Users\Asus\AppData\Roaming\npm\node_modules\firebase-tools\lib\bin\firebase.js init
[debug] [2023-08-10T07:37:01.444Z] CLI Version:   12.4.7
[debug] [2023-08-10T07:37:01.445Z] Platform:      win32
[debug] [2023-08-10T07:37:01.446Z] Node Version:  v20.2.0
[debug] [2023-08-10T07:37:01.446Z] Time:          Thu Aug 10 2023 10:37:01 GMT+0300 (Москва, стандартное время)
[debug] [2023-08-10T07:37:01.447Z] ----------------------------------------------------------------------
[debug] 
[debug] [2023-08-10T07:37:01.939Z] > command requires scopes: ["email","openid","https://www.googleapis.com/auth/cloudplatformprojects.readonly","https://www.googleapis.com/auth/firebase","https://www.googleapis.com/auth/cloud-platform"]
[debug] [2023-08-10T07:37:01.949Z] > authorizing via signed-in user (malyanova.marina.serg@gmail.com)
[info] 
     ######## #### ########  ######## ########     ###     ######  ########
     ##        ##  ##     ## ##       ##     ##  ##   ##  ##       ##
     ######    ##  ########  ######   ########  #########  ######  ######
     ##        ##  ##    ##  ##       ##     ## ##     ##       ## ##
     ##       #### ##     ## ######## ########  ##     ##  ######  ########

You're about to initialize a Firebase project in this directory:

  C:\Users\Asus\Desktop\Projects\Проекты\TODO list JSON server, firebase\my-app

Before we get started, keep in mind:

  * You are initializing within an existing Firebase project directory

[info] 
=== Project Setup
[info] 
[info] First, let's associate this project directory with a Firebase project.
[info] You can create multiple project aliases by running firebase use --add, 
[info] but for now we'll just set up a default project.
[info] 
[debug] [2023-08-10T07:37:13.384Z] Using project from CLI flag: todo-fe4b3
[debug] [2023-08-10T07:37:13.393Z] >>> [apiv2][query] GET https://firebase.googleapis.com/v1beta1/projects/todo-fe4b3 [none]
[debug] [2023-08-10T07:37:13.922Z] <<< [apiv2][status] GET https://firebase.googleapis.com/v1beta1/projects/todo-fe4b3 200
[debug] [2023-08-10T07:37:13.923Z] <<< [apiv2][body] GET https://firebase.googleapis.com/v1beta1/projects/todo-fe4b3 {"projectId":"todo-fe4b3","projectNumber":"420881264806","displayName":"TODO","name":"projects/todo-fe4b3","resources":{"hostingSite":"todo-fe4b3","realtimeDatabaseInstance":"todo-fe4b3-default-rtdb"},"state":"ACTIVE","etag":"1_fb442298-1cf7-435f-889b-2f03f74314fc"}
[info] i  Using project todo-fe4b3 (TODO) 
[info] 
=== Hosting Setup
[info] 
[info] Your public directory is the folder (relative to your project directory) that
[info] will contain Hosting assets to be uploaded with firebase deploy. If you
[info] have a build process for your assets, use your build's output directory.
[info] 
